C51 COMPILER V9.01   MAIN                                                                  07/04/2018 15:34:59 PAGE 1   


C51 COMPILER V9.01, COMPILATION OF MODULE MAIN
OBJECT MODULE PLACED IN main.OBJ
COMPILER INVOKED BY: C:\Keil\C51\BIN\C51.EXE main.c BROWSE DEBUG OBJECTEXTEND

line level    source

   1          #include <REGX51.H>
   2          /*Khai bao hang*/
   3          #define H0 P1_5
   4          #define H1 P1_6
   5          #define H2 P1_7
   6          /*Khai bao cot*/
   7          #define C0 P2_7
   8          #define C1 P0_0
   9          #define C2 P0_1
  10          #define C3 P0_2
  11          #define C4 P0_3
  12          #define C5 P0_4
  13          #define C6 P0_5
  14          #define C7 P0_6
  15          #define C8 P0_7
  16          /*khai bao dieu khien*/
  17          #define sang 0
  18          #define tat  1
  19          int main(){
  20   1         while(1){
  21   2         
  22   2         
  23   2         }
  24   1      return 0;
  25   1      }


MODULE INFORMATION:   STATIC OVERLAYABLE
   CODE SIZE        =      2    ----
   CONSTANT SIZE    =   ----    ----
   XDATA SIZE       =   ----    ----
   PDATA SIZE       =   ----    ----
   DATA SIZE        =   ----    ----
   IDATA SIZE       =   ----    ----
   BIT SIZE         =   ----    ----
END OF MODULE INFORMATION.


C51 COMPILATION COMPLETE.  0 WARNING(S),  0 ERROR(S)
